\BOOKMARK [1][-]{section.1}{Diagramme entit\351-relation}{}% 1
\BOOKMARK [2][-]{subsection.1.1}{Cl\351s}{section.1}% 2
\BOOKMARK [3][-]{subsubsection.1.1.1}{Entit\351s}{subsection.1.1}% 3
\BOOKMARK [3][-]{subsubsection.1.1.2}{Relations}{subsection.1.1}% 4
\BOOKMARK [2][-]{subsection.1.2}{Contraintes de cardinalit\351}{section.1}% 5
\BOOKMARK [3][-]{subsubsection.1.2.1}{\253 is a \273 des articles}{subsection.1.2}% 6
\BOOKMARK [3][-]{subsubsection.1.2.2}{Assiste}{subsection.1.2}% 7
\BOOKMARK [3][-]{subsubsection.1.2.3}{\311crit}{subsection.1.2}% 8
\BOOKMARK [3][-]{subsubsection.1.2.4}{Co-\351crit}{subsection.1.2}% 9
\BOOKMARK [3][-]{subsubsection.1.2.5}{Publie\137a}{subsection.1.2}% 10
\BOOKMARK [3][-]{subsubsection.1.2.6}{Contient}{subsection.1.2}% 11
\BOOKMARK [3][-]{subsubsection.1.2.7}{Publie\137j}{subsection.1.2}% 12
\BOOKMARK [3][-]{subsubsection.1.2.8}{Remarques}{subsection.1.2}% 13
\BOOKMARK [2][-]{subsection.1.3}{Contraintes d'int\351grit\351 additionnelles}{section.1}% 14
\BOOKMARK [2][-]{subsection.1.4}{Relations et entit\351s faibles}{section.1}% 15
\BOOKMARK [1][-]{section.2}{Mod\350le relationnel}{}% 16
\BOOKMARK [2][-]{subsection.2.1}{Conversion vers le mod\350le relationnel}{section.2}% 17
\BOOKMARK [3][-]{subsubsection.2.1.1}{Ensemble d'entit\351s \253 normaux \273}{subsection.2.1}% 18
\BOOKMARK [3][-]{subsubsection.2.1.2}{Ensemble d'entit\351s faibles}{subsection.2.1}% 19
\BOOKMARK [3][-]{subsubsection.2.1.3}{Ensemble d'entit\351s li\351s par une relation \253 is a \273}{subsection.2.1}% 20
\BOOKMARK [3][-]{subsubsection.2.1.4}{Relations}{subsection.2.1}% 21
\BOOKMARK [2][-]{subsection.2.2}{D\351pendances fonctionnelles et \340 valeurs multiples}{section.2}% 22
\BOOKMARK [3][-]{subsubsection.2.2.1}{D\351pendances fonctionnelles}{subsection.2.2}% 23
\BOOKMARK [3][-]{subsubsection.2.2.2}{D\351pendances \340 valeurs multiples}{subsection.2.2}% 24
\BOOKMARK [2][-]{subsection.2.3}{La 4e forme normale}{section.2}% 25
